<?xml version="1.0" encoding="UTF-8"?>
<!-- Generated by org.testng.reporters.JUnitReportReporter -->
<testsuite skipped="0" hostname="Kritikas-MacBook-Pro.local" name="LoginTest" tests="1" failures="0" timestamp="2022-06-28T13:46:03 IST" time="3.134" errors="0">
  <testcase name="doLogin" time="3.134" classname="LoginTest"/>
  <system-out/>
</testsuite> <!-- LoginTest -->
